{"/Users/korirdesmond/Documents/projects/vue/cashcog-frontend/src/store/modules/expenses.js": {"path":"/Users/korirdesmond/Documents/projects/vue/cashcog-frontend/src/store/modules/expenses.js","statementMap":{"0":{"start":{"line":17,"column":6},"end":{"line":17,"column":29}},"1":{"start":{"line":18,"column":21},"end":{"line":18,"column":51}},"2":{"start":{"line":20,"column":6},"end":{"line":20,"column":41}},"3":{"start":{"line":21,"column":6},"end":{"line":23,"column":59}},"4":{"start":{"line":26,"column":6},"end":{"line":26,"column":29}},"5":{"start":{"line":27,"column":21},"end":{"line":27,"column":49}},"6":{"start":{"line":29,"column":6},"end":{"line":29,"column":41}},"7":{"start":{"line":30,"column":6},"end":{"line":32,"column":51}},"8":{"start":{"line":35,"column":6},"end":{"line":35,"column":35}},"9":{"start":{"line":38,"column":6},"end":{"line":38,"column":29}},"10":{"start":{"line":39,"column":20},"end":{"line":41,"column":7}},"11":{"start":{"line":42,"column":21},"end":{"line":42,"column":68}},"12":{"start":{"line":44,"column":6},"end":{"line":44,"column":36}},"13":{"start":{"line":45,"column":6},"end":{"line":47,"column":56}},"14":{"start":{"line":50,"column":6},"end":{"line":50,"column":29}},"15":{"start":{"line":51,"column":21},"end":{"line":51,"column":52}},"16":{"start":{"line":53,"column":6},"end":{"line":53,"column":42}},"17":{"start":{"line":54,"column":6},"end":{"line":56,"column":56}},"18":{"start":{"line":61,"column":6},"end":{"line":61,"column":32}},"19":{"start":{"line":62,"column":6},"end":{"line":62,"column":31}},"20":{"start":{"line":63,"column":6},"end":{"line":63,"column":27}},"21":{"start":{"line":64,"column":6},"end":{"line":64,"column":31}},"22":{"start":{"line":65,"column":6},"end":{"line":65,"column":30}},"23":{"start":{"line":68,"column":6},"end":{"line":68,"column":30}},"24":{"start":{"line":69,"column":6},"end":{"line":69,"column":31}},"25":{"start":{"line":70,"column":6},"end":{"line":70,"column":27}},"26":{"start":{"line":71,"column":6},"end":{"line":71,"column":31}},"27":{"start":{"line":72,"column":6},"end":{"line":72,"column":30}},"28":{"start":{"line":75,"column":6},"end":{"line":75,"column":30}},"29":{"start":{"line":78,"column":6},"end":{"line":78,"column":30}},"30":{"start":{"line":81,"column":6},"end":{"line":81,"column":28}},"31":{"start":{"line":84,"column":6},"end":{"line":84,"column":29}},"32":{"start":{"line":85,"column":6},"end":{"line":85,"column":31}},"33":{"start":{"line":88,"column":6},"end":{"line":88,"column":31}},"34":{"start":{"line":89,"column":6},"end":{"line":89,"column":28}},"35":{"start":{"line":90,"column":6},"end":{"line":90,"column":33}},"36":{"start":{"line":91,"column":6},"end":{"line":91,"column":31}},"37":{"start":{"line":96,"column":16},"end":{"line":103,"column":7}},"38":{"start":{"line":98,"column":42},"end":{"line":98,"column":65}},"39":{"start":{"line":104,"column":6},"end":{"line":104,"column":17}},"40":{"start":{"line":107,"column":6},"end":{"line":107,"column":27}},"41":{"start":{"line":110,"column":27},"end":{"line":112,"column":24}},"42":{"start":{"line":111,"column":40},"end":{"line":111,"column":70}},"43":{"start":{"line":113,"column":6},"end":{"line":115,"column":23}},"44":{"start":{"line":114,"column":38},"end":{"line":114,"column":61}}},"fnMap":{"0":{"name":"(anonymous_0)","decl":{"start":{"line":16,"column":4},"end":{"line":16,"column":5}},"loc":{"start":{"line":16,"column":34},"end":{"line":24,"column":5}},"line":16},"1":{"name":"(anonymous_1)","decl":{"start":{"line":25,"column":4},"end":{"line":25,"column":5}},"loc":{"start":{"line":25,"column":39},"end":{"line":33,"column":5}},"line":25},"2":{"name":"(anonymous_2)","decl":{"start":{"line":34,"column":4},"end":{"line":34,"column":5}},"loc":{"start":{"line":34,"column":49},"end":{"line":36,"column":5}},"line":34},"3":{"name":"(anonymous_3)","decl":{"start":{"line":37,"column":4},"end":{"line":37,"column":5}},"loc":{"start":{"line":37,"column":45},"end":{"line":48,"column":5}},"line":37},"4":{"name":"(anonymous_4)","decl":{"start":{"line":49,"column":4},"end":{"line":49,"column":5}},"loc":{"start":{"line":49,"column":42},"end":{"line":57,"column":5}},"line":49},"5":{"name":"(anonymous_5)","decl":{"start":{"line":60,"column":4},"end":{"line":60,"column":5}},"loc":{"start":{"line":60,"column":40},"end":{"line":66,"column":5}},"line":60},"6":{"name":"(anonymous_6)","decl":{"start":{"line":67,"column":4},"end":{"line":67,"column":5}},"loc":{"start":{"line":67,"column":38},"end":{"line":73,"column":5}},"line":67},"7":{"name":"(anonymous_7)","decl":{"start":{"line":74,"column":4},"end":{"line":74,"column":5}},"loc":{"start":{"line":74,"column":24},"end":{"line":76,"column":5}},"line":74},"8":{"name":"(anonymous_8)","decl":{"start":{"line":77,"column":4},"end":{"line":77,"column":5}},"loc":{"start":{"line":77,"column":24},"end":{"line":79,"column":5}},"line":77},"9":{"name":"(anonymous_9)","decl":{"start":{"line":80,"column":4},"end":{"line":80,"column":5}},"loc":{"start":{"line":80,"column":30},"end":{"line":82,"column":5}},"line":80},"10":{"name":"(anonymous_10)","decl":{"start":{"line":83,"column":4},"end":{"line":83,"column":5}},"loc":{"start":{"line":83,"column":28},"end":{"line":86,"column":5}},"line":83},"11":{"name":"(anonymous_11)","decl":{"start":{"line":87,"column":4},"end":{"line":87,"column":5}},"loc":{"start":{"line":87,"column":31},"end":{"line":92,"column":5}},"line":87},"12":{"name":"(anonymous_12)","decl":{"start":{"line":95,"column":4},"end":{"line":95,"column":5}},"loc":{"start":{"line":95,"column":26},"end":{"line":105,"column":5}},"line":95},"13":{"name":"(anonymous_13)","decl":{"start":{"line":98,"column":31},"end":{"line":98,"column":32}},"loc":{"start":{"line":98,"column":42},"end":{"line":98,"column":65}},"line":98},"14":{"name":"(anonymous_14)","decl":{"start":{"line":106,"column":4},"end":{"line":106,"column":5}},"loc":{"start":{"line":106,"column":25},"end":{"line":108,"column":5}},"line":106},"15":{"name":"(anonymous_15)","decl":{"start":{"line":109,"column":4},"end":{"line":109,"column":5}},"loc":{"start":{"line":109,"column":28},"end":{"line":116,"column":5}},"line":109},"16":{"name":"(anonymous_16)","decl":{"start":{"line":111,"column":32},"end":{"line":111,"column":33}},"loc":{"start":{"line":111,"column":40},"end":{"line":111,"column":70}},"line":111},"17":{"name":"(anonymous_17)","decl":{"start":{"line":114,"column":27},"end":{"line":114,"column":28}},"loc":{"start":{"line":114,"column":38},"end":{"line":114,"column":61}},"line":114}},"branchMap":{"0":{"loc":{"start":{"line":21,"column":6},"end":{"line":23,"column":58}},"type":"cond-expr","locations":[{"start":{"line":22,"column":10},"end":{"line":22,"column":53}},{"start":{"line":23,"column":10},"end":{"line":23,"column":58}}],"line":21},"1":{"loc":{"start":{"line":30,"column":6},"end":{"line":32,"column":50}},"type":"cond-expr","locations":[{"start":{"line":31,"column":10},"end":{"line":31,"column":60}},{"start":{"line":32,"column":10},"end":{"line":32,"column":50}}],"line":30},"2":{"loc":{"start":{"line":45,"column":6},"end":{"line":47,"column":55}},"type":"cond-expr","locations":[{"start":{"line":46,"column":10},"end":{"line":46,"column":60}},{"start":{"line":47,"column":10},"end":{"line":47,"column":55}}],"line":45},"3":{"loc":{"start":{"line":54,"column":6},"end":{"line":56,"column":55}},"type":"cond-expr","locations":[{"start":{"line":55,"column":10},"end":{"line":55,"column":59}},{"start":{"line":56,"column":10},"end":{"line":56,"column":55}}],"line":54},"4":{"loc":{"start":{"line":97,"column":18},"end":{"line":99,"column":26}},"type":"cond-expr","locations":[{"start":{"line":98,"column":12},"end":{"line":98,"column":66}},{"start":{"line":99,"column":12},"end":{"line":99,"column":26}}],"line":97},"5":{"loc":{"start":{"line":100,"column":17},"end":{"line":100,"column":73}},"type":"cond-expr","locations":[{"start":{"line":100,"column":34},"end":{"line":100,"column":69}},{"start":{"line":100,"column":72},"end":{"line":100,"column":73}}],"line":100},"6":{"loc":{"start":{"line":101,"column":18},"end":{"line":101,"column":75}},"type":"cond-expr","locations":[{"start":{"line":101,"column":35},"end":{"line":101,"column":71}},{"start":{"line":101,"column":74},"end":{"line":101,"column":75}}],"line":101},"7":{"loc":{"start":{"line":102,"column":18},"end":{"line":102,"column":75}},"type":"cond-expr","locations":[{"start":{"line":102,"column":35},"end":{"line":102,"column":71}},{"start":{"line":102,"column":74},"end":{"line":102,"column":75}}],"line":102},"8":{"loc":{"start":{"line":110,"column":27},"end":{"line":112,"column":24}},"type":"cond-expr","locations":[{"start":{"line":111,"column":10},"end":{"line":111,"column":71}},{"start":{"line":112,"column":10},"end":{"line":112,"column":24}}],"line":110},"9":{"loc":{"start":{"line":113,"column":13},"end":{"line":115,"column":22}},"type":"cond-expr","locations":[{"start":{"line":114,"column":10},"end":{"line":114,"column":62}},{"start":{"line":115,"column":10},"end":{"line":115,"column":22}}],"line":113}},"s":{"0":0,"1":0,"2":0,"3":0,"4":0,"5":0,"6":0,"7":0,"8":0,"9":0,"10":0,"11":0,"12":0,"13":0,"14":0,"15":0,"16":0,"17":0,"18":1,"19":1,"20":1,"21":1,"22":1,"23":1,"24":1,"25":1,"26":1,"27":1,"28":1,"29":1,"30":1,"31":1,"32":1,"33":1,"34":1,"35":1,"36":1,"37":1,"38":4,"39":1,"40":1,"41":1,"42":4,"43":1,"44":1},"f":{"0":0,"1":0,"2":0,"3":0,"4":0,"5":1,"6":1,"7":1,"8":1,"9":1,"10":1,"11":1,"12":1,"13":4,"14":1,"15":1,"16":4,"17":1},"b":{"0":[0,0],"1":[0,0],"2":[0,0],"3":[0,0],"4":[1,0],"5":[1,0],"6":[1,0],"7":[1,0],"8":[1,0],"9":[1,0]},"_coverageSchema":"43e27e138ebf9cfc5966b082cf9a028302ed4184","hash":"d3d8f87ee00c9888c2dd08e1563a9601f0475959"}
,"/Users/korirdesmond/Documents/projects/vue/cashcog-frontend/src/utils/api.js": {"path":"/Users/korirdesmond/Documents/projects/vue/cashcog-frontend/src/utils/api.js","statementMap":{"0":{"start":{"line":3,"column":16},"end":{"line":3,"column":51}},"1":{"start":{"line":5,"column":10},"end":{"line":5,"column":12}},"2":{"start":{"line":7,"column":0},"end":{"line":14,"column":2}},"3":{"start":{"line":8,"column":19},"end":{"line":12,"column":6}},"4":{"start":{"line":9,"column":22},"end":{"line":9,"column":30}},"5":{"start":{"line":11,"column":6},"end":{"line":11,"column":28}},"6":{"start":{"line":13,"column":2},"end":{"line":13,"column":18}},"7":{"start":{"line":16,"column":0},"end":{"line":36,"column":2}},"8":{"start":{"line":18,"column":2},"end":{"line":18,"column":34}},"9":{"start":{"line":20,"column":18},"end":{"line":24,"column":3}},"10":{"start":{"line":25,"column":2},"end":{"line":35,"column":7}},"11":{"start":{"line":28,"column":6},"end":{"line":28,"column":40}},"12":{"start":{"line":29,"column":6},"end":{"line":29,"column":22}},"13":{"start":{"line":33,"column":6},"end":{"line":33,"column":43}},"14":{"start":{"line":34,"column":6},"end":{"line":34,"column":28}},"15":{"start":{"line":38,"column":0},"end":{"line":54,"column":2}},"16":{"start":{"line":39,"column":18},"end":{"line":42,"column":3}},"17":{"start":{"line":43,"column":2},"end":{"line":53,"column":7}},"18":{"start":{"line":46,"column":6},"end":{"line":46,"column":40}},"19":{"start":{"line":47,"column":6},"end":{"line":47,"column":22}},"20":{"start":{"line":51,"column":6},"end":{"line":51,"column":43}},"21":{"start":{"line":52,"column":6},"end":{"line":52,"column":28}}},"fnMap":{"0":{"name":"(anonymous_0)","decl":{"start":{"line":7,"column":10},"end":{"line":7,"column":11}},"loc":{"start":{"line":7,"column":28},"end":{"line":14,"column":1}},"line":7},"1":{"name":"(anonymous_1)","decl":{"start":{"line":9,"column":10},"end":{"line":9,"column":11}},"loc":{"start":{"line":9,"column":22},"end":{"line":9,"column":30}},"line":9},"2":{"name":"(anonymous_2)","decl":{"start":{"line":10,"column":11},"end":{"line":10,"column":12}},"loc":{"start":{"line":10,"column":20},"end":{"line":12,"column":5}},"line":10},"3":{"name":"(anonymous_3)","decl":{"start":{"line":16,"column":12},"end":{"line":16,"column":13}},"loc":{"start":{"line":16,"column":41},"end":{"line":36,"column":1}},"line":16},"4":{"name":"(anonymous_4)","decl":{"start":{"line":26,"column":10},"end":{"line":26,"column":11}},"loc":{"start":{"line":26,"column":22},"end":{"line":30,"column":5}},"line":26},"5":{"name":"(anonymous_5)","decl":{"start":{"line":31,"column":11},"end":{"line":31,"column":12}},"loc":{"start":{"line":31,"column":20},"end":{"line":35,"column":5}},"line":31},"6":{"name":"(anonymous_6)","decl":{"start":{"line":38,"column":13},"end":{"line":38,"column":14}},"loc":{"start":{"line":38,"column":31},"end":{"line":54,"column":1}},"line":38},"7":{"name":"(anonymous_7)","decl":{"start":{"line":44,"column":10},"end":{"line":44,"column":11}},"loc":{"start":{"line":44,"column":22},"end":{"line":48,"column":5}},"line":44},"8":{"name":"(anonymous_8)","decl":{"start":{"line":49,"column":11},"end":{"line":49,"column":12}},"loc":{"start":{"line":49,"column":20},"end":{"line":53,"column":5}},"line":49}},"branchMap":{},"s":{"0":1,"1":1,"2":1,"3":0,"4":0,"5":0,"6":0,"7":1,"8":0,"9":0,"10":0,"11":0,"12":0,"13":0,"14":0,"15":1,"16":0,"17":0,"18":0,"19":0,"20":0,"21":0},"f":{"0":0,"1":0,"2":0,"3":0,"4":0,"5":0,"6":0,"7":0,"8":0},"b":{},"_coverageSchema":"43e27e138ebf9cfc5966b082cf9a028302ed4184","hash":"f06e9c05a8a1406f4335b6b050c6352b92807f52"}
,"/Users/korirdesmond/Documents/projects/vue/cashcog-frontend/src/utils/helpers.js": {"path":"/Users/korirdesmond/Documents/projects/vue/cashcog-frontend/src/utils/helpers.js","statementMap":{"0":{"start":{"line":2,"column":30},"end":{"line":9,"column":1}},"1":{"start":{"line":3,"column":2},"end":{"line":8,"column":3}},"2":{"start":{"line":4,"column":4},"end":{"line":7,"column":6}},"3":{"start":{"line":11,"column":30},"end":{"line":13,"column":1}},"4":{"start":{"line":12,"column":2},"end":{"line":12,"column":59}},"5":{"start":{"line":12,"column":33},"end":{"line":12,"column":57}},"6":{"start":{"line":15,"column":24},"end":{"line":18,"column":1}},"7":{"start":{"line":16,"column":13},"end":{"line":16,"column":62}},"8":{"start":{"line":16,"column":37},"end":{"line":16,"column":61}},"9":{"start":{"line":17,"column":2},"end":{"line":17,"column":32}}},"fnMap":{"0":{"name":"(anonymous_0)","decl":{"start":{"line":2,"column":30},"end":{"line":2,"column":31}},"loc":{"start":{"line":2,"column":38},"end":{"line":9,"column":1}},"line":2},"1":{"name":"(anonymous_1)","decl":{"start":{"line":11,"column":30},"end":{"line":11,"column":31}},"loc":{"start":{"line":11,"column":52},"end":{"line":13,"column":1}},"line":11},"2":{"name":"(anonymous_2)","decl":{"start":{"line":12,"column":25},"end":{"line":12,"column":26}},"loc":{"start":{"line":12,"column":33},"end":{"line":12,"column":57}},"line":12},"3":{"name":"(anonymous_3)","decl":{"start":{"line":15,"column":24},"end":{"line":15,"column":25}},"loc":{"start":{"line":15,"column":46},"end":{"line":18,"column":1}},"line":15},"4":{"name":"(anonymous_4)","decl":{"start":{"line":16,"column":29},"end":{"line":16,"column":30}},"loc":{"start":{"line":16,"column":37},"end":{"line":16,"column":61}},"line":16}},"branchMap":{"0":{"loc":{"start":{"line":3,"column":2},"end":{"line":8,"column":3}},"type":"if","locations":[{"start":{"line":3,"column":2},"end":{"line":8,"column":3}},{"start":{"line":3,"column":2},"end":{"line":8,"column":3}}],"line":3},"1":{"loc":{"start":{"line":17,"column":9},"end":{"line":17,"column":31}},"type":"cond-expr","locations":[{"start":{"line":17,"column":16},"end":{"line":17,"column":27}},{"start":{"line":17,"column":30},"end":{"line":17,"column":31}}],"line":17}},"s":{"0":1,"1":5,"2":5,"3":1,"4":0,"5":0,"6":1,"7":3,"8":12,"9":3},"f":{"0":5,"1":0,"2":0,"3":3,"4":12},"b":{"0":[5,0],"1":[3,0]},"_coverageSchema":"43e27e138ebf9cfc5966b082cf9a028302ed4184","hash":"ac78c1f559c3644bc09f5a579d0ad5c733363a71"}
,"/Users/korirdesmond/Documents/projects/vue/cashcog-frontend/tests/unit/mock/expenses.js": {"path":"/Users/korirdesmond/Documents/projects/vue/cashcog-frontend/tests/unit/mock/expenses.js","statementMap":{"0":{"start":{"line":1,"column":21},"end":{"line":54,"column":1}}},"fnMap":{},"branchMap":{},"s":{"0":1},"f":{},"b":{},"_coverageSchema":"43e27e138ebf9cfc5966b082cf9a028302ed4184","hash":"b64a63ba37199de515e88afa1519f00e7f8bf9e9"}
}
