TN:
SF:/Users/korirdesmond/Documents/projects/vue/cashcog-frontend/src/store/modules/expenses.js
FN:16,(anonymous_0)
FN:25,(anonymous_1)
FN:34,(anonymous_2)
FN:37,(anonymous_3)
FN:49,(anonymous_4)
FN:60,(anonymous_5)
FN:67,(anonymous_6)
FN:74,(anonymous_7)
FN:77,(anonymous_8)
FN:80,(anonymous_9)
FN:83,(anonymous_10)
FN:87,(anonymous_11)
FN:95,(anonymous_12)
FN:98,(anonymous_13)
FN:106,(anonymous_14)
FN:109,(anonymous_15)
FN:111,(anonymous_16)
FN:114,(anonymous_17)
FNF:18
FNH:13
FNDA:0,(anonymous_0)
FNDA:0,(anonymous_1)
FNDA:0,(anonymous_2)
FNDA:0,(anonymous_3)
FNDA:0,(anonymous_4)
FNDA:1,(anonymous_5)
FNDA:1,(anonymous_6)
FNDA:1,(anonymous_7)
FNDA:1,(anonymous_8)
FNDA:1,(anonymous_9)
FNDA:1,(anonymous_10)
FNDA:1,(anonymous_11)
FNDA:1,(anonymous_12)
FNDA:4,(anonymous_13)
FNDA:1,(anonymous_14)
FNDA:1,(anonymous_15)
FNDA:4,(anonymous_16)
FNDA:1,(anonymous_17)
DA:17,0
DA:18,0
DA:20,0
DA:21,0
DA:26,0
DA:27,0
DA:29,0
DA:30,0
DA:35,0
DA:38,0
DA:39,0
DA:42,0
DA:44,0
DA:45,0
DA:50,0
DA:51,0
DA:53,0
DA:54,0
DA:61,1
DA:62,1
DA:63,1
DA:64,1
DA:65,1
DA:68,1
DA:69,1
DA:70,1
DA:71,1
DA:72,1
DA:75,1
DA:78,1
DA:81,1
DA:84,1
DA:85,1
DA:88,1
DA:89,1
DA:90,1
DA:91,1
DA:96,1
DA:98,4
DA:104,1
DA:107,1
DA:110,1
DA:111,4
DA:113,1
DA:114,1
LF:45
LH:27
BRDA:21,0,0,0
BRDA:21,0,1,0
BRDA:30,1,0,0
BRDA:30,1,1,0
BRDA:45,2,0,0
BRDA:45,2,1,0
BRDA:54,3,0,0
BRDA:54,3,1,0
BRDA:97,4,0,1
BRDA:97,4,1,0
BRDA:100,5,0,1
BRDA:100,5,1,0
BRDA:101,6,0,1
BRDA:101,6,1,0
BRDA:102,7,0,1
BRDA:102,7,1,0
BRDA:110,8,0,1
BRDA:110,8,1,0
BRDA:113,9,0,1
BRDA:113,9,1,0
BRF:20
BRH:6
end_of_record
TN:
SF:/Users/korirdesmond/Documents/projects/vue/cashcog-frontend/src/utils/api.js
FN:7,(anonymous_0)
FN:9,(anonymous_1)
FN:10,(anonymous_2)
FN:16,(anonymous_3)
FN:26,(anonymous_4)
FN:31,(anonymous_5)
FN:38,(anonymous_6)
FN:44,(anonymous_7)
FN:49,(anonymous_8)
FNF:9
FNH:0
FNDA:0,(anonymous_0)
FNDA:0,(anonymous_1)
FNDA:0,(anonymous_2)
FNDA:0,(anonymous_3)
FNDA:0,(anonymous_4)
FNDA:0,(anonymous_5)
FNDA:0,(anonymous_6)
FNDA:0,(anonymous_7)
FNDA:0,(anonymous_8)
DA:3,1
DA:5,1
DA:7,1
DA:8,0
DA:9,0
DA:11,0
DA:13,0
DA:16,1
DA:18,0
DA:20,0
DA:25,0
DA:28,0
DA:29,0
DA:33,0
DA:34,0
DA:38,1
DA:39,0
DA:43,0
DA:46,0
DA:47,0
DA:51,0
DA:52,0
LF:22
LH:5
BRF:0
BRH:0
end_of_record
TN:
SF:/Users/korirdesmond/Documents/projects/vue/cashcog-frontend/src/utils/helpers.js
FN:2,(anonymous_0)
FN:11,(anonymous_1)
FN:12,(anonymous_2)
FN:15,(anonymous_3)
FN:16,(anonymous_4)
FNF:5
FNH:3
FNDA:5,(anonymous_0)
FNDA:0,(anonymous_1)
FNDA:0,(anonymous_2)
FNDA:3,(anonymous_3)
FNDA:12,(anonymous_4)
DA:2,1
DA:3,5
DA:4,5
DA:11,1
DA:12,0
DA:15,1
DA:16,12
DA:17,3
LF:8
LH:7
BRDA:3,0,0,5
BRDA:3,0,1,0
BRDA:17,1,0,3
BRDA:17,1,1,0
BRF:4
BRH:2
end_of_record
TN:
SF:/Users/korirdesmond/Documents/projects/vue/cashcog-frontend/tests/unit/mock/expenses.js
FNF:0
FNH:0
DA:1,1
LF:1
LH:1
BRF:0
BRH:0
end_of_record
